#
# There is insufficient memory for the Java Runtime Environment to continue.
# Native memory allocation (malloc) failed to allocate 1048576 bytes for AllocateHeap
# Possible reasons:
#   The system is out of physical RAM or swap space
#   In 32 bit mode, the process size limit was hit
# Possible solutions:
#   Reduce memory load on the system
#   Increase physical memory or swap space
#   Check if swap backing store is full
#   Use 64 bit Java on a 64 bit OS
#   Decrease Java heap size (-Xmx/-Xms)
#   Decrease number of Java threads
#   Decrease Java thread stack sizes (-Xss)
#   Set larger code cache with -XX:ReservedCodeCacheSize=
# This output file may be truncated or incomplete.
#
#  Out of Memory Error (memory/allocation.inline.hpp:61), pid=7720, tid=0x00000000000033ac
#
# JRE version:  (8.0_121-b13) (build )
# Java VM: Java HotSpot(TM) 64-Bit Server VM (25.121-b13 mixed mode windows-amd64 compressed oops)
# Failed to write core dump. Minidumps are not enabled by default on client versions of Windows
#

---------------  T H R E A D  ---------------

Current thread (0x00000000021f8000):  JavaThread "Unknown thread" [_thread_in_vm, id=13228, stack(0x0000000002460000,0x0000000002560000)]

Stack: [0x0000000002460000,0x0000000002560000]
[error occurred during error reporting (printing stack bounds), id 0xc0000005]

Native frames: (J=compiled Java code, j=interpreted, Vv=VM code, C=native code)


---------------  P R O C E S S  ---------------

Java Threads: ( => current thread )

Other Threads:

=>0x00000000021f8000 (exited) JavaThread "Unknown thread" [_thread_in_vm, id=13228, stack(0x0000000002460000,0x0000000002560000)]

VM state:not at safepoint (normal execution)

VM Mutex/Monitor currently owned by a thread: None

Heap:
 PSYoungGen      total 95744K, used 1648K [0x0000000755d80000, 0x000000075c800000, 0x00000007c0000000)
  eden space 82432K, 2% used [0x0000000755d80000,0x0000000755f1c298,0x000000075ae00000)
  from space 13312K, 0% used [0x000000075bb00000,0x000000075bb00000,0x000000075c800000)
  to   space 13312K, 0% used [0x000000075ae00000,0x000000075ae00000,0x000000075bb00000)
 ParOldGen       total 218624K, used 0K [0x0000000681800000, 0x000000068ed80000, 0x0000000755d80000)
  object space 218624K, 0% used [0x0000000681800000,0x0000000681800000,0x000000068ed80000)
 Metaspace       used 783K, capacity 1092K, committed 1152K, reserved 1060864K
  class space    used 75K, capacity 384K, committed 384K, reserved 1048576K

Card table byte_map: [0x0000000011920000,0x0000000012320000] byte_map_base: 0x000000000e514000

Marking Bits: (ParMarkBitMap*) 0x000000007080b6d0
 Begin Bits: [0x0000000012f20000, 0x0000000017ec0000)
 End Bits:   [0x0000000017ec0000, 0x000000001ce60000)

Polling page: 0x0000000000330000

CodeCache: size=245760Kb used=328Kb max_used=328Kb free=245431Kb
 bounds [0x0000000002560000, 0x00000000027d0000, 0x0000000011560000]
 total_blobs=58 nmethods=0 adapters=38
 compilation: enabled

Compilation events (0 events):
No events

GC Heap History (0 events):
No events

Deoptimization events (0 events):
No events

Internal exceptions (0 events):
No events

Events (10 events):
Event: 0.023 loading class java/lang/Short
Event: 0.023 loading class java/lang/Short done
Event: 0.023 loading class java/lang/Integer
Event: 0.023 loading class java/lang/Integer done
Event: 0.023 loading class java/lang/Long
Event: 0.023 loading class java/lang/Long done
Event: 0.024 loading class java/lang/NullPointerException
Event: 0.024 loading class java/lang/NullPointerException done
Event: 0.024 loading class java/lang/ArithmeticException
Event: 0.024 loading class java/lang/ArithmeticException done


Dynamic libraries:
0x000000013fb20000 - 0x000000013fb57000 	D:\Program Files\Java\jdk1.8.0_121\bin\java.exe
0x0000000077a00000 - 0x0000000077b9f000 	C:\Windows\SYSTEM32\ntdll.dll
0x00000000778e0000 - 0x00000000779ff000 	C:\Windows\system32\kernel32.dll
0x000007fefdc90000 - 0x000007fefdcfa000 	C:\Windows\system32\KERNELBASE.dll
0x000007fefe320000 - 0x000007fefe3fb000 	C:\Windows\system32\ADVAPI32.dll
0x000007fefe930000 - 0x000007fefe9cf000 	C:\Windows\system32\msvcrt.dll
0x000007fefdd50000 - 0x000007fefdd6f000 	C:\Windows\SYSTEM32\sechost.dll
0x000007fefe1f0000 - 0x000007fefe31d000 	C:\Windows\system32\RPCRT4.dll
0x00000000777e0000 - 0x00000000778da000 	C:\Windows\system32\USER32.dll
0x000007feffc80000 - 0x000007feffce7000 	C:\Windows\system32\GDI32.dll
0x000007fefe1e0000 - 0x000007fefe1ee000 	C:\Windows\system32\LPK.dll
0x000007fefe780000 - 0x000007fefe84b000 	C:\Windows\system32\USP10.dll
0x000007fefc560000 - 0x000007fefc754000 	C:\Windows\WinSxS\amd64_microsoft.windows.common-controls_6595b64144ccf1df_6.0.7601.18837_none_fa3b1e3d17594757\COMCTL32.dll
0x000007fefe400000 - 0x000007fefe471000 	C:\Windows\system32\SHLWAPI.dll
0x000007fefe0a0000 - 0x000007fefe0ce000 	C:\Windows\system32\IMM32.DLL
0x000007fefe0d0000 - 0x000007fefe1d9000 	C:\Windows\system32\MSCTF.dll
0x000000006f890000 - 0x000000006f962000 	D:\Program Files\Java\jdk1.8.0_121\jre\bin\msvcr100.dll
0x000000006fff0000 - 0x000000007088b000 	D:\Program Files\Java\jdk1.8.0_121\jre\bin\server\jvm.dll
0x000007fef2390000 - 0x000007fef2399000 	C:\Windows\system32\WSOCK32.dll
0x000007fefdd00000 - 0x000007fefdd4d000 	C:\Windows\system32\WS2_32.dll
0x000007fefeee0000 - 0x000007fefeee8000 	C:\Windows\system32\NSI.dll
0x000007fef96d0000 - 0x000007fef970b000 	C:\Windows\system32\WINMM.dll
0x000007fefca50000 - 0x000007fefca5c000 	C:\Windows\system32\VERSION.dll
0x0000000077bb0000 - 0x0000000077bb7000 	C:\Windows\system32\PSAPI.DLL
0x0000000073fc0000 - 0x0000000073fcf000 	D:\Program Files\Java\jdk1.8.0_121\jre\bin\verify.dll
0x0000000072960000 - 0x0000000072989000 	D:\Program Files\Java\jdk1.8.0_121\jre\bin\java.dll
0x000000006f860000 - 0x000000006f883000 	D:\Program Files\Java\jdk1.8.0_121\jre\bin\instrument.dll
0x0000000073f20000 - 0x0000000073f36000 	D:\Program Files\Java\jdk1.8.0_121\jre\bin\zip.dll

VM Arguments:
jvm_args: -Dmaven.multiModuleProjectDirectory=E:\local_git_workspace\workspace_learn\learn-springboot-parent\learn-day20190807 -Dmaven.home=D:\Program Files\maven\apache-maven-3.5.0-day20190722 -Dclassworlds.conf=D:\Program Files\maven\apache-maven-3.5.0-day20190722\bin\m2.conf -javaagent:D:\Program Files\idea\lib\idea_rt.jar=56208:D:\Program Files\idea\bin -Dfile.encoding=UTF-8 
java_command: org.codehaus.classworlds.Launcher -Didea.version2019.1.3 -s D:\Program Files\maven\apache-maven-3.5.0-day20190722\conf\settings.xml install
java_class_path (initial): D:\Program Files\maven\apache-maven-3.5.0-day20190722\boot\plexus-classworlds-2.5.2.jar;D:\Program Files\idea\lib\idea_rt.jar
Launcher Type: SUN_STANDARD

Environment Variables:
JAVA_HOME=D:\Program Files\Java\jdk1.8.0_121
PATH=.;D:\Program Files\Java\jdk1.8.0_121\bin;C:\Windows\system32;C:\Windows;C:\Windows\System32\Wbem;C:\Windows\System32\WindowsPowerShell\v1.0\;D:\Program Files\TortoiseSVN\bin;D:\Program Files\Git\cmd;D:\Program Files\TortoiseGit\bin;D:\Program Files\nodejs\;C:\Users\Administrator\AppData\Roaming\npm
USERNAME=Administrator
OS=Windows_NT
PROCESSOR_IDENTIFIER=Intel64 Family 6 Model 94 Stepping 3, GenuineIntel



---------------  S Y S T E M  ---------------

OS: Windows 7 , 64 bit Build 7601 (6.1.7601.24335)

CPU:total 4 (2 cores per cpu, 2 threads per core) family 6 model 94 stepping 3, cmov, cx8, fxsr, mmx, sse, sse2, sse3, ssse3, sse4.1, sse4.2, popcnt, avx, avx2, aes, clmul, erms, 3dnowpref, lzcnt, ht, tsc, tscinvbit, bmi1, bmi2, adx

Memory: 4k page, physical 20865700k(9457284k free), swap 22960948k(5268k free)

vm_info: Java HotSpot(TM) 64-Bit Server VM (25.121-b13) for windows-amd64 JRE (1.8.0_121-b13), built on Dec 12 2016 18:21:36 by "java_re" with MS VC++ 10.0 (VS2010)

time: Wed Aug 07 16:39:43 2019
elapsed time: 0 seconds (0d 0h 0m 0s)

